  simulation.cpp
C:\Users\Fiber\OneDrive\Documents\seng1270-digital-twin\VitalVitals\profiles.h(48,56): error C2440: '<function-style-cast>': cannot convert from 'nullptr' to 'time_t'
  (compiling source file 'simulation.cpp')
      C:\Users\Fiber\OneDrive\Documents\seng1270-digital-twin\VitalVitals\profiles.h(48,56):
      A native nullptr can only be converted to bool or, using reinterpret_cast, to an integral type
  
C:\Users\Fiber\OneDrive\Documents\seng1270-digital-twin\VitalVitals\profiles.h(49,59): error C2440: '<function-style-cast>': cannot convert from 'nullptr' to 'time_t'
  (compiling source file 'simulation.cpp')
      C:\Users\Fiber\OneDrive\Documents\seng1270-digital-twin\VitalVitals\profiles.h(49,59):
      A native nullptr can only be converted to bool or, using reinterpret_cast, to an integral type
  
C:\Users\Fiber\OneDrive\Documents\seng1270-digital-twin\VitalVitals\profiles.h(96,51): error C4996: 'ctime': This function or variable may be unsafe. Consider using ctime_s instead. To disable deprecation, use _CRT_SECURE_NO_WARNINGS. See online help for details.
  (compiling source file 'simulation.cpp')
  
C:\Users\Fiber\OneDrive\Documents\seng1270-digital-twin\VitalVitals\profiles.h(97,47): error C4996: 'ctime': This function or variable may be unsafe. Consider using ctime_s instead. To disable deprecation, use _CRT_SECURE_NO_WARNINGS. See online help for details.
  (compiling source file 'simulation.cpp')
  
C:\Users\Fiber\OneDrive\Documents\seng1270-digital-twin\VitalVitals\profiles.h(98,51): error C4996: 'ctime': This function or variable may be unsafe. Consider using ctime_s instead. To disable deprecation, use _CRT_SECURE_NO_WARNINGS. See online help for details.
  (compiling source file 'simulation.cpp')
  
C:\Users\Fiber\OneDrive\Documents\seng1270-digital-twin\VitalVitals\profiles.h(136,51): error C4996: 'ctime': This function or variable may be unsafe. Consider using ctime_s instead. To disable deprecation, use _CRT_SECURE_NO_WARNINGS. See online help for details.
  (compiling source file 'simulation.cpp')
  
C:\Users\Fiber\OneDrive\Documents\seng1270-digital-twin\VitalVitals\simulation.cpp(76,29): warning C4267: '=': conversion from 'size_t' to 'int', possible loss of data
C:\Users\Fiber\OneDrive\Documents\seng1270-digital-twin\VitalVitals\simulation.cpp(77,29): warning C4267: '=': conversion from 'size_t' to 'int', possible loss of data
C:\Users\Fiber\OneDrive\Documents\seng1270-digital-twin\VitalVitals\simulation.cpp(78,24): warning C4267: '=': conversion from 'size_t' to 'int', possible loss of data
C:\Users\Fiber\OneDrive\Documents\seng1270-digital-twin\VitalVitals\simulation.cpp(79,24): warning C4267: '=': conversion from 'size_t' to 'int', possible loss of data
C:\Users\Fiber\OneDrive\Documents\seng1270-digital-twin\VitalVitals\simulation.cpp(80,23): warning C4267: '=': conversion from 'size_t' to 'int', possible loss of data
C:\Users\Fiber\OneDrive\Documents\seng1270-digital-twin\VitalVitals\simulation.cpp(81,23): warning C4267: '=': conversion from 'size_t' to 'int', possible loss of data
C:\Users\Fiber\OneDrive\Documents\seng1270-digital-twin\VitalVitals\simulation.cpp(108,32): error C4996: 'ctime': This function or variable may be unsafe. Consider using ctime_s instead. To disable deprecation, use _CRT_SECURE_NO_WARNINGS. See online help for details.
