VitalVitals.obj : warning LNK4075: ignoring '/EDITANDCONTINUE' due to '/INCREMENTAL:NO' specification
LINK : warning LNK4098: defaultlib 'LIBCMTD' conflicts with use of other libs; use /NODEFAULTLIB:library
libcpmtd.lib(mutex.obj) : error LNK2001: unresolved external symbol _calloc_dbg
libcpmtd.lib(locale.obj) : error LNK2001: unresolved external symbol _calloc_dbg
libcpmtd.lib(wlocale.obj) : error LNK2001: unresolved external symbol _calloc_dbg
libcpmtd.lib(xlocale.obj) : error LNK2001: unresolved external symbol _calloc_dbg
cryptlib.lib(ecp.obj) : error LNK2001: unresolved external symbol _calloc_dbg
cryptlib.lib(rng.obj) : error LNK2001: unresolved external symbol _calloc_dbg
cryptlib.lib(sha_simd.obj) : error LNK2001: unresolved external symbol _calloc_dbg
libcpmtd.lib(_tolower.obj) : error LNK2001: unresolved external symbol _calloc_dbg
cryptlib.lib(gfpcrypt.obj) : error LNK2001: unresolved external symbol _calloc_dbg
cryptlib.lib(hmac.obj) : error LNK2001: unresolved external symbol _calloc_dbg
cryptlib.lib(gf2n.obj) : error LNK2001: unresolved external symbol _calloc_dbg
cryptlib.lib(ec2n.obj) : error LNK2001: unresolved external symbol _calloc_dbg
cryptlib.lib(iterhash.obj) : error LNK2001: unresolved external symbol _calloc_dbg
cryptlib.lib(sha.obj) : error LNK2001: unresolved external symbol _calloc_dbg
cryptlib.lib(des.obj) : error LNK2001: unresolved external symbol _calloc_dbg
cryptlib.lib(hrtimer.obj) : error LNK2001: unresolved external symbol _calloc_dbg
cryptlib.lib(dll.obj) : error LNK2001: unresolved external symbol _calloc_dbg
cryptlib.lib(nbtheory.obj) : error LNK2001: unresolved external symbol _calloc_dbg
cryptlib.lib(asn.obj) : error LNK2001: unresolved external symbol _calloc_dbg
cryptlib.lib(pubkey.obj) : error LNK2001: unresolved external symbol _calloc_dbg
cryptlib.lib(misc.obj) : error LNK2001: unresolved external symbol _calloc_dbg
cryptlib.lib(queue.obj) : error LNK2001: unresolved external symbol _calloc_dbg
cryptlib.lib(mqueue.obj) : error LNK2001: unresolved external symbol _calloc_dbg
cryptlib.lib(rijndael_simd.obj) : error LNK2001: unresolved external symbol _calloc_dbg
cryptlib.lib(files.obj) : error LNK2001: unresolved external symbol _calloc_dbg
cryptlib.lib(randpool.obj) : error LNK2001: unresolved external symbol _calloc_dbg
cryptlib.lib(osrng.obj) : error LNK2001: unresolved external symbol _calloc_dbg
cryptlib.lib(basecode.obj) : error LNK2001: unresolved external symbol _calloc_dbg
cryptlib.lib(rijndael.obj) : error LNK2001: unresolved external symbol _calloc_dbg
cryptlib.lib(integer.obj) : error LNK2001: unresolved external symbol _calloc_dbg
cryptlib.lib(algparam.obj) : error LNK2001: unresolved external symbol _calloc_dbg
cryptlib.lib(modes.obj) : error LNK2001: unresolved external symbol _calloc_dbg
VitalVitals.obj : error LNK2001: unresolved external symbol _calloc_dbg
cryptlib.lib(cryptlib.obj) : error LNK2001: unresolved external symbol _calloc_dbg
cryptlib.lib(filters.obj) : error LNK2001: unresolved external symbol _calloc_dbg
cryptlib.lib(allocate.obj) : error LNK2001: unresolved external symbol _calloc_dbg
libcpmtd.lib(StlCompareStringA.obj) : error LNK2001: unresolved external symbol _free_dbg
libcpmtd.lib(StlLCMapStringA.obj) : error LNK2001: unresolved external symbol _free_dbg
libcpmtd.lib(wlocale.obj) : error LNK2001: unresolved external symbol _free_dbg
libcpmtd.lib(xlocale.obj) : error LNK2001: unresolved external symbol _free_dbg
libcpmtd.lib(xwcsxfrm.obj) : error LNK2001: unresolved external symbol _free_dbg
libcpmtd.lib(cout.obj) : error LNK2001: unresolved external symbol _free_dbg
libcpmtd.lib(cerr.obj) : error LNK2001: unresolved external symbol _free_dbg
libcpmtd.lib(mutex.obj) : error LNK2001: unresolved external symbol _free_dbg
libcpmtd.lib(locale.obj) : error LNK2001: unresolved external symbol _free_dbg
cryptlib.lib(ecp.obj) : error LNK2001: unresolved external symbol _free_dbg
cryptlib.lib(rng.obj) : error LNK2001: unresolved external symbol _free_dbg
cryptlib.lib(sha_simd.obj) : error LNK2001: unresolved external symbol _free_dbg
libcpmtd.lib(locale0.obj) : error LNK2001: unresolved external symbol _free_dbg
cryptlib.lib(gfpcrypt.obj) : error LNK2001: unresolved external symbol _free_dbg
cryptlib.lib(hmac.obj) : error LNK2001: unresolved external symbol _free_dbg
cryptlib.lib(gf2n.obj) : error LNK2001: unresolved external symbol _free_dbg
cryptlib.lib(ec2n.obj) : error LNK2001: unresolved external symbol _free_dbg
cryptlib.lib(iterhash.obj) : error LNK2001: unresolved external symbol _free_dbg
cryptlib.lib(sha.obj) : error LNK2001: unresolved external symbol _free_dbg
cryptlib.lib(des.obj) : error LNK2001: unresolved external symbol _free_dbg
cryptlib.lib(hrtimer.obj) : error LNK2001: unresolved external symbol _free_dbg
cryptlib.lib(dll.obj) : error LNK2001: unresolved external symbol _free_dbg
cryptlib.lib(nbtheory.obj) : error LNK2001: unresolved external symbol _free_dbg
cryptlib.lib(asn.obj) : error LNK2001: unresolved external symbol _free_dbg
cryptlib.lib(pubkey.obj) : error LNK2001: unresolved external symbol _free_dbg
cryptlib.lib(misc.obj) : error LNK2001: unresolved external symbol _free_dbg
cryptlib.lib(queue.obj) : error LNK2001: unresolved external symbol _free_dbg
cryptlib.lib(mqueue.obj) : error LNK2001: unresolved external symbol _free_dbg
cryptlib.lib(rijndael_simd.obj) : error LNK2001: unresolved external symbol _free_dbg
cryptlib.lib(files.obj) : error LNK2001: unresolved external symbol _free_dbg
cryptlib.lib(randpool.obj) : error LNK2001: unresolved external symbol _free_dbg
cryptlib.lib(osrng.obj) : error LNK2001: unresolved external symbol _free_dbg
cryptlib.lib(basecode.obj) : error LNK2001: unresolved external symbol _free_dbg
cryptlib.lib(rijndael.obj) : error LNK2001: unresolved external symbol _free_dbg
cryptlib.lib(integer.obj) : error LNK2001: unresolved external symbol _free_dbg
cryptlib.lib(algparam.obj) : error LNK2001: unresolved external symbol _free_dbg
cryptlib.lib(modes.obj) : error LNK2001: unresolved external symbol _free_dbg
VitalVitals.obj : error LNK2001: unresolved external symbol _free_dbg
cryptlib.lib(cryptlib.obj) : error LNK2001: unresolved external symbol _free_dbg
cryptlib.lib(filters.obj) : error LNK2001: unresolved external symbol _free_dbg
cryptlib.lib(allocate.obj) : error LNK2001: unresolved external symbol _free_dbg
libcpmtd.lib(wlocale.obj) : error LNK2001: unresolved external symbol _malloc_dbg
libcpmtd.lib(xlocale.obj) : error LNK2001: unresolved external symbol _malloc_dbg
libcpmtd.lib(xwcsxfrm.obj) : error LNK2001: unresolved external symbol _malloc_dbg
libcpmtd.lib(StlCompareStringA.obj) : error LNK2001: unresolved external symbol _malloc_dbg
libcpmtd.lib(cout.obj) : error LNK2001: unresolved external symbol _malloc_dbg
libcpmtd.lib(cerr.obj) : error LNK2001: unresolved external symbol _malloc_dbg
libcpmtd.lib(locale.obj) : error LNK2001: unresolved external symbol _malloc_dbg
libcpmtd.lib(StlLCMapStringA.obj) : error LNK2001: unresolved external symbol _malloc_dbg
cryptlib.lib(ecp.obj) : error LNK2001: unresolved external symbol _malloc_dbg
cryptlib.lib(rng.obj) : error LNK2001: unresolved external symbol _malloc_dbg
cryptlib.lib(sha_simd.obj) : error LNK2001: unresolved external symbol _malloc_dbg
libcpmtd.lib(locale0.obj) : error LNK2001: unresolved external symbol _malloc_dbg
cryptlib.lib(gfpcrypt.obj) : error LNK2001: unresolved external symbol _malloc_dbg
cryptlib.lib(hmac.obj) : error LNK2001: unresolved external symbol _malloc_dbg
cryptlib.lib(gf2n.obj) : error LNK2001: unresolved external symbol _malloc_dbg
cryptlib.lib(ec2n.obj) : error LNK2001: unresolved external symbol _malloc_dbg
cryptlib.lib(iterhash.obj) : error LNK2001: unresolved external symbol _malloc_dbg
cryptlib.lib(sha.obj) : error LNK2001: unresolved external symbol _malloc_dbg
cryptlib.lib(des.obj) : error LNK2001: unresolved external symbol _malloc_dbg
cryptlib.lib(hrtimer.obj) : error LNK2001: unresolved external symbol _malloc_dbg
cryptlib.lib(dll.obj) : error LNK2001: unresolved external symbol _malloc_dbg
cryptlib.lib(nbtheory.obj) : error LNK2001: unresolved external symbol _malloc_dbg
cryptlib.lib(asn.obj) : error LNK2001: unresolved external symbol _malloc_dbg
cryptlib.lib(pubkey.obj) : error LNK2001: unresolved external symbol _malloc_dbg
cryptlib.lib(misc.obj) : error LNK2001: unresolved external symbol _malloc_dbg
cryptlib.lib(queue.obj) : error LNK2001: unresolved external symbol _malloc_dbg
cryptlib.lib(mqueue.obj) : error LNK2001: unresolved external symbol _malloc_dbg
cryptlib.lib(rijndael_simd.obj) : error LNK2001: unresolved external symbol _malloc_dbg
cryptlib.lib(files.obj) : error LNK2001: unresolved external symbol _malloc_dbg
cryptlib.lib(randpool.obj) : error LNK2001: unresolved external symbol _malloc_dbg
cryptlib.lib(osrng.obj) : error LNK2001: unresolved external symbol _malloc_dbg
cryptlib.lib(basecode.obj) : error LNK2001: unresolved external symbol _malloc_dbg
cryptlib.lib(rijndael.obj) : error LNK2001: unresolved external symbol _malloc_dbg
cryptlib.lib(integer.obj) : error LNK2001: unresolved external symbol _malloc_dbg
cryptlib.lib(algparam.obj) : error LNK2001: unresolved external symbol _malloc_dbg
cryptlib.lib(modes.obj) : error LNK2001: unresolved external symbol _malloc_dbg
VitalVitals.obj : error LNK2001: unresolved external symbol _malloc_dbg
cryptlib.lib(cryptlib.obj) : error LNK2001: unresolved external symbol _malloc_dbg
cryptlib.lib(filters.obj) : error LNK2001: unresolved external symbol _malloc_dbg
cryptlib.lib(allocate.obj) : error LNK2001: unresolved external symbol _malloc_dbg
libcpmtd.lib(xtime.obj) : error LNK2001: unresolved external symbol _CrtDbgReport
libcpmtd.lib(wlocale.obj) : error LNK2001: unresolved external symbol _CrtDbgReport
libcpmtd.lib(xlocale.obj) : error LNK2001: unresolved external symbol _CrtDbgReport
libcpmtd.lib(cout.obj) : error LNK2001: unresolved external symbol _CrtDbgReport
libcpmtd.lib(cerr.obj) : error LNK2001: unresolved external symbol _CrtDbgReport
libcpmtd.lib(thread0.obj) : error LNK2001: unresolved external symbol _CrtDbgReport
libcpmtd.lib(locale.obj) : error LNK2001: unresolved external symbol _CrtDbgReport
cryptlib.lib(ec2n.obj) : error LNK2001: unresolved external symbol _CrtDbgReport
cryptlib.lib(ecp.obj) : error LNK2001: unresolved external symbol _CrtDbgReport
cryptlib.lib(rng.obj) : error LNK2001: unresolved external symbol _CrtDbgReport
cryptlib.lib(sha_simd.obj) : error LNK2001: unresolved external symbol _CrtDbgReport
cryptlib.lib(hrtimer.obj) : error LNK2001: unresolved external symbol _CrtDbgReport
cryptlib.lib(gfpcrypt.obj) : error LNK2001: unresolved external symbol _CrtDbgReport
cryptlib.lib(hmac.obj) : error LNK2001: unresolved external symbol _CrtDbgReport
cryptlib.lib(gf2n.obj) : error LNK2001: unresolved external symbol _CrtDbgReport
cryptlib.lib(pubkey.obj) : error LNK2001: unresolved external symbol _CrtDbgReport
cryptlib.lib(iterhash.obj) : error LNK2001: unresolved external symbol _CrtDbgReport
cryptlib.lib(sha.obj) : error LNK2001: unresolved external symbol _CrtDbgReport
cryptlib.lib(des.obj) : error LNK2001: unresolved external symbol _CrtDbgReport
cryptlib.lib(rijndael_simd.obj) : error LNK2001: unresolved external symbol _CrtDbgReport
cryptlib.lib(dll.obj) : error LNK2001: unresolved external symbol _CrtDbgReport
cryptlib.lib(nbtheory.obj) : error LNK2001: unresolved external symbol _CrtDbgReport
cryptlib.lib(asn.obj) : error LNK2001: unresolved external symbol _CrtDbgReport
cryptlib.lib(hex.obj) : error LNK2001: unresolved external symbol _CrtDbgReport
cryptlib.lib(misc.obj) : error LNK2001: unresolved external symbol _CrtDbgReport
cryptlib.lib(queue.obj) : error LNK2001: unresolved external symbol _CrtDbgReport
cryptlib.lib(mqueue.obj) : error LNK2001: unresolved external symbol _CrtDbgReport
cryptlib.lib(files.obj) : error LNK2001: unresolved external symbol _CrtDbgReport
cryptlib.lib(randpool.obj) : error LNK2001: unresolved external symbol _CrtDbgReport
cryptlib.lib(osrng.obj) : error LNK2001: unresolved external symbol _CrtDbgReport
cryptlib.lib(basecode.obj) : error LNK2001: unresolved external symbol _CrtDbgReport
cryptlib.lib(rijndael.obj) : error LNK2001: unresolved external symbol _CrtDbgReport
cryptlib.lib(integer.obj) : error LNK2001: unresolved external symbol _CrtDbgReport
cryptlib.lib(algparam.obj) : error LNK2001: unresolved external symbol _CrtDbgReport
cryptlib.lib(modes.obj) : error LNK2001: unresolved external symbol _CrtDbgReport
VitalVitals.obj : error LNK2001: unresolved external symbol _CrtDbgReport
cryptlib.lib(cryptlib.obj) : error LNK2001: unresolved external symbol _CrtDbgReport
cryptlib.lib(filters.obj) : error LNK2001: unresolved external symbol _CrtDbgReport
cryptlib.lib(allocate.obj) : error LNK2001: unresolved external symbol _CrtDbgReport
libcpmtd.lib(_tolower.obj) : error LNK2019: unresolved external symbol _wcsdup_dbg referenced in function _Getctype
libcpmtd.lib(xstrcoll.obj) : error LNK2001: unresolved external symbol _wcsdup_dbg
libcpmtd.lib(locale.obj) : error LNK2019: unresolved external symbol _realloc_dbg referenced in function "private: static void __cdecl std::locale::_Locimp::_Locimp_Addfac(class std::locale::_Locimp *,class std::locale::facet *,unsigned __int64)" (?_Locimp_Addfac@_Locimp@locale@std@@CAXPEAV123@PEAVfacet@23@_K@Z)
libcpmtd.lib(StlLCMapStringA.obj) : error LNK2019: unresolved external symbol _CrtDbgReportW referenced in function _freea_crt
libcpmtd.lib(xmbtowc.obj) : error LNK2001: unresolved external symbol _CrtDbgReportW
libcpmtd.lib(StlCompareStringA.obj) : error LNK2001: unresolved external symbol _CrtDbgReportW
C:\Users\Fiber\OneDrive\Documents\seng1270-digital-twin\VitalVitals\x64\Debug\VitalVitals.exe : fatal error LNK1120: 7 unresolved externals
